[0.271s] Invoking command in '/home/vsss/repos/vsss24-ws/src/univector': AMENT_PREFIX_PATH=/home/vsss/repos/vsss24-ws/install/univector:${AMENT_PREFIX_PATH} PYTEST_ADDOPTS=--tb=short --junit-xml=/home/vsss/repos/vsss24-ws/build/univector/pytest.xml --junit-prefix=univector -o cache_dir=/home/vsss/repos/vsss24-ws/build/univector/.pytest_cache PYTHONPATH=/home/vsss/repos/vsss24-ws/install/univector/lib/python3.10/site-packages:${PYTHONPATH} /usr/bin/python3 -m pytest
[0.553s] [1m============================= test session starts ==============================[0m
[0.553s] platform linux -- Python 3.10.12, pytest-6.2.5, py-1.10.0, pluggy-0.13.0
[0.559s] cachedir: /home/vsss/repos/vsss24-ws/build/univector/.pytest_cache
[0.559s] rootdir: /home/vsss/repos/vsss24-ws/src/univector
[0.559s] plugins: ament-flake8-0.12.9, launch-testing-1.0.4, ament-copyright-0.12.9, ament-xmllint-0.12.9, ament-pep257-0.12.9, ament-lint-0.12.9, launch-testing-ros-0.19.6, rerunfailures-12.0, colcon-core-0.12.1, cov-4.1.0, repeat-0.9.1
[0.662s] [1mcollecting ... [0m[1m
[0.662s] collected 10 items                                                             [0m
[0.662s] 
[0.712s] test/test_univector.py [32m.[0m[32m.[0m[32m.[0m[32m.[0m[31mF[0m[31mF[0m[32m.[0m[32m.[0m[32m.[0m[32m.[0m[31m                                        [100%][0m
[0.712s] 
[0.712s] =================================== FAILURES ===================================
[0.712s] [31m[1m______________________ test_wrap2pi_smaller_than_minus_pi ______________________[0m
[0.712s] [1m[31mtest/test_univector.py[0m:52: in test_wrap2pi_smaller_than_minus_pi
[0.745s]     [94massert[39;49;00m resultado_esperado == resultado_wrap2pi
[0.745s] [1m[31mE   assert -11.283185307179586 == 1.2831853071795862[0m
[0.745s] [31m[1m_____________________ test_wrap2pi_between_pi_and_minus_pi _____________________[0m
[0.745s] [1m[31mtest/test_univector.py[0m:60: in test_wrap2pi_between_pi_and_minus_pi
[0.745s]     [94massert[39;49;00m resultado_esperado == resultado_wrap2pi
[0.745s] [1m[31mE   assert -4.283185307179586 == 2[0m
[0.745s] -- generated xml file: /home/vsss/repos/vsss24-ws/build/univector/pytest.xml ---
[0.745s] =========================== short test summary info ============================
[0.745s] FAILED test/test_univector.py::test_wrap2pi_smaller_than_minus_pi - assert -1...
[0.745s] FAILED test/test_univector.py::test_wrap2pi_between_pi_and_minus_pi - assert ...
[0.745s] [31m========================= [31m[1m2 failed[0m, [32m8 passed[0m[31m in 0.19s[0m[31m ==========================[0m
[0.787s] Invoked command in '/home/vsss/repos/vsss24-ws/src/univector' returned '1': AMENT_PREFIX_PATH=/home/vsss/repos/vsss24-ws/install/univector:${AMENT_PREFIX_PATH} PYTEST_ADDOPTS=--tb=short --junit-xml=/home/vsss/repos/vsss24-ws/build/univector/pytest.xml --junit-prefix=univector -o cache_dir=/home/vsss/repos/vsss24-ws/build/univector/.pytest_cache PYTHONPATH=/home/vsss/repos/vsss24-ws/install/univector/lib/python3.10/site-packages:${PYTHONPATH} /usr/bin/python3 -m pytest
