[0.262s] Invoking command in '/home/vsss/repos/vsss24-ws/src/univector': AMENT_PREFIX_PATH=/home/vsss/repos/vsss24-ws/install/univector:${AMENT_PREFIX_PATH} PYTEST_ADDOPTS=--tb=short --junit-xml=/home/vsss/repos/vsss24-ws/build/univector/pytest.xml --junit-prefix=univector -o cache_dir=/home/vsss/repos/vsss24-ws/build/univector/.pytest_cache PYTHONPATH=/home/vsss/repos/vsss24-ws/install/univector/lib/python3.10/site-packages:${PYTHONPATH} /usr/bin/python3 -m pytest
[0.540s] [1m============================= test session starts ==============================[0m
[0.540s] platform linux -- Python 3.10.12, pytest-6.2.5, py-1.10.0, pluggy-0.13.0
[0.545s] cachedir: /home/vsss/repos/vsss24-ws/build/univector/.pytest_cache
[0.545s] rootdir: /home/vsss/repos/vsss24-ws/src/univector
[0.545s] plugins: ament-flake8-0.12.9, launch-testing-1.0.4, ament-copyright-0.12.9, ament-xmllint-0.12.9, ament-pep257-0.12.9, ament-lint-0.12.9, launch-testing-ros-0.19.6, rerunfailures-12.0, colcon-core-0.12.1, cov-4.1.0, repeat-0.9.1
[0.650s] [1mcollecting ... [0m[1m
[0.650s] collected 15 items                                                             [0m
[0.650s] 
[0.691s] test/test_hyperbolicSpiral.py [32m.[0m[32m.[0m[32m.[0m[32m.[0m[31mF[0m[31m                                      [ 33%][0m
[0.698s] test/test_univector.py [32m.[0m[32m.[0m[32m.[0m[32m.[0m[32m.[0m[32m.[0m[32m.[0m[32m.[0m[32m.[0m[32m.[0m[31m                                        [100%][0m
[0.698s] 
[0.698s] =================================== FAILURES ===================================
[0.698s] [31m[1m__________________________________ test_fi_h_ __________________________________[0m
[0.698s] [1m[31mtest/test_hyperbolicSpiral.py[0m:62: in test_fi_h_
[0.730s]     angulo_fi_h = hyperbolicalSpiral.fi_h(p, radius, cw)
[0.730s] [1m[31munivector/univector/un_field.py[0m:55: in fi_h
[0.730s]     ro = p.norm()
[0.730s] [1m[31mE   AttributeError: 'list' object has no attribute 'norm'[0m
[0.730s] ----------------------------- Captured stdout call -----------------------------
[0.730s] 2.0793393515833847
[0.730s] -- generated xml file: /home/vsss/repos/vsss24-ws/build/univector/pytest.xml ---
[0.731s] =========================== short test summary info ============================
[0.731s] FAILED test/test_hyperbolicSpiral.py::test_fi_h_ - AttributeError: 'list' obj...
[0.731s] [31m========================= [31m[1m1 failed[0m, [32m14 passed[0m[31m in 0.19s[0m[31m =========================[0m
[0.775s] Invoked command in '/home/vsss/repos/vsss24-ws/src/univector' returned '1': AMENT_PREFIX_PATH=/home/vsss/repos/vsss24-ws/install/univector:${AMENT_PREFIX_PATH} PYTEST_ADDOPTS=--tb=short --junit-xml=/home/vsss/repos/vsss24-ws/build/univector/pytest.xml --junit-prefix=univector -o cache_dir=/home/vsss/repos/vsss24-ws/build/univector/.pytest_cache PYTHONPATH=/home/vsss/repos/vsss24-ws/install/univector/lib/python3.10/site-packages:${PYTHONPATH} /usr/bin/python3 -m pytest
