[1m============================= test session starts ==============================[0m
platform linux -- Python 3.10.12, pytest-6.2.5, py-1.10.0, pluggy-0.13.0
cachedir: /home/vsss/repos/vsss24-ws/build/univector/.pytest_cache
rootdir: /home/vsss/repos/vsss24-ws/src/univector
plugins: ament-flake8-0.12.9, launch-testing-1.0.4, ament-copyright-0.12.9, ament-xmllint-0.12.9, ament-pep257-0.12.9, ament-lint-0.12.9, launch-testing-ros-0.19.6, rerunfailures-12.0, colcon-core-0.12.1, cov-4.1.0, repeat-0.9.1
[1mcollecting ... [0m[1m
collected 5 items                                                              [0m

test/test_univector.py [31mF[0m[32m.[0m[32m.[0m[32m.[0m[32m.[0m[31m                                             [100%][0m

=================================== FAILURES ===================================
[31m[1m________________________________ test_gaussian _________________________________[0m
[1m[31mtest/test_univector.py[0m:13: in test_gaussian
    [94massert[39;49;00m resultado_esperado == [96mround[39;49;00m(resultado_gaussian,[94m11[39;49;00m)
[1m[31mE   assert 0.980198673 == 0.98019867331[0m
[1m[31mE    +  where 0.98019867331 = round(0.9801986733067553, 11)[0m
-- generated xml file: /home/vsss/repos/vsss24-ws/build/univector/pytest.xml ---
=========================== short test summary info ============================
FAILED test/test_univector.py::test_gaussian - assert 0.980198673 == 0.980198...
[31m========================= [31m[1m1 failed[0m, [32m4 passed[0m[31m in 0.18s[0m[31m ==========================[0m
