[0.277s] Invoking command in '/home/vsss/repos/vsss24-ws/src/univector': AMENT_PREFIX_PATH=/home/vsss/repos/vsss24-ws/install/univector:${AMENT_PREFIX_PATH} PYTEST_ADDOPTS=--tb=short --junit-xml=/home/vsss/repos/vsss24-ws/build/univector/pytest.xml --junit-prefix=univector -o cache_dir=/home/vsss/repos/vsss24-ws/build/univector/.pytest_cache PYTHONPATH=/home/vsss/repos/vsss24-ws/install/univector/lib/python3.10/site-packages:${PYTHONPATH} /usr/bin/python3 -m pytest
[0.559s] [1m============================= test session starts ==============================[0m
[0.559s] platform linux -- Python 3.10.12, pytest-6.2.5, py-1.10.0, pluggy-0.13.0
[0.565s] cachedir: /home/vsss/repos/vsss24-ws/build/univector/.pytest_cache
[0.565s] rootdir: /home/vsss/repos/vsss24-ws/src/univector
[0.565s] plugins: ament-flake8-0.12.9, launch-testing-1.0.4, ament-copyright-0.12.9, ament-xmllint-0.12.9, ament-pep257-0.12.9, ament-lint-0.12.9, launch-testing-ros-0.19.6, rerunfailures-12.0, colcon-core-0.12.1, cov-4.1.0, repeat-0.9.1
[0.667s] [1mcollecting ... [0m[1m
[0.667s] collected 5 items                                                              [0m
[0.667s] 
[0.707s] test/test_univector.py [31mF[0m[32m.[0m[32m.[0m[32m.[0m[32m.[0m[31m                                             [100%][0m
[0.707s] 
[0.707s] =================================== FAILURES ===================================
[0.707s] [31m[1m________________________________ test_gaussian _________________________________[0m
[0.707s] [1m[31mtest/test_univector.py[0m:13: in test_gaussian
[0.740s]     [94massert[39;49;00m resultado_esperado == [96mround[39;49;00m(resultado_gaussian,[94m11[39;49;00m)
[0.740s] [1m[31mE   assert 0.980198673 == 0.98019867331[0m
[0.740s] [1m[31mE    +  where 0.98019867331 = round(0.9801986733067553, 11)[0m
[0.741s] -- generated xml file: /home/vsss/repos/vsss24-ws/build/univector/pytest.xml ---
[0.741s] =========================== short test summary info ============================
[0.741s] FAILED test/test_univector.py::test_gaussian - assert 0.980198673 == 0.980198...
[0.741s] [31m========================= [31m[1m1 failed[0m, [32m4 passed[0m[31m in 0.18s[0m[31m ==========================[0m
[0.784s] Invoked command in '/home/vsss/repos/vsss24-ws/src/univector' returned '1': AMENT_PREFIX_PATH=/home/vsss/repos/vsss24-ws/install/univector:${AMENT_PREFIX_PATH} PYTEST_ADDOPTS=--tb=short --junit-xml=/home/vsss/repos/vsss24-ws/build/univector/pytest.xml --junit-prefix=univector -o cache_dir=/home/vsss/repos/vsss24-ws/build/univector/.pytest_cache PYTHONPATH=/home/vsss/repos/vsss24-ws/install/univector/lib/python3.10/site-packages:${PYTHONPATH} /usr/bin/python3 -m pytest
