[0.262s] Invoking command in '/home/vsss/repos/vsss24-ws/src/univector': AMENT_PREFIX_PATH=/home/vsss/repos/vsss24-ws/install/univector:${AMENT_PREFIX_PATH} PYTEST_ADDOPTS=--tb=short --junit-xml=/home/vsss/repos/vsss24-ws/build/univector/pytest.xml --junit-prefix=univector -o cache_dir=/home/vsss/repos/vsss24-ws/build/univector/.pytest_cache PYTHONPATH=/home/vsss/repos/vsss24-ws/install/univector/lib/python3.10/site-packages:${PYTHONPATH} /usr/bin/python3 -m pytest
[0.541s] [1m============================= test session starts ==============================[0m
[0.541s] platform linux -- Python 3.10.12, pytest-6.2.5, py-1.10.0, pluggy-0.13.0
[0.546s] cachedir: /home/vsss/repos/vsss24-ws/build/univector/.pytest_cache
[0.547s] rootdir: /home/vsss/repos/vsss24-ws/src/univector
[0.547s] plugins: ament-flake8-0.12.9, launch-testing-1.0.4, ament-copyright-0.12.9, ament-xmllint-0.12.9, ament-pep257-0.12.9, ament-lint-0.12.9, launch-testing-ros-0.19.6, rerunfailures-12.0, colcon-core-0.12.1, cov-4.1.0, repeat-0.9.1
[0.647s] [1mcollecting ... [0m[1m
[0.647s] collected 7 items                                                              [0m
[0.648s] 
[0.695s] test/test_univector.py [32m.[0m[31mF[0m[31mF[0m[32m.[0m[32m.[0m[32m.[0m[32m.[0m[31m                                           [100%][0m
[0.695s] 
[0.695s] =================================== FAILURES ===================================
[0.695s] [31m[1m____________________________ test_gaussian_neg_int _____________________________[0m
[0.695s] [1m[31mtest/test_univector.py[0m:23: in test_gaussian_neg_int
[0.728s]     [94massert[39;49;00m resultado_esperado == [96mround[39;49;00m(resultado_gaussian,[94m9[39;49;00m)
[0.728s] [1m[31mE   assert 0.37531109885139957 == 0.375311099[0m
[0.728s] [1m[31mE    +  where 0.375311099 = round(0.37531109885139957, 9)[0m
[0.728s] [31m[1m_____________________________ test_gaussian_float ______________________________[0m
[0.728s] [1m[31mtest/test_univector.py[0m:33: in test_gaussian_float
[0.728s]     [94massert[39;49;00m resultado_esperado == [96mround[39;49;00m(resultado_gaussian,[94m9[39;49;00m)
[0.728s] [1m[31mE   assert 0.3095632084759744 == 0.309563208[0m
[0.728s] [1m[31mE    +  where 0.309563208 = round(0.3095632084759744, 9)[0m
[0.728s] -- generated xml file: /home/vsss/repos/vsss24-ws/build/univector/pytest.xml ---
[0.728s] =========================== short test summary info ============================
[0.728s] FAILED test/test_univector.py::test_gaussian_neg_int - assert 0.3753110988513...
[0.728s] FAILED test/test_univector.py::test_gaussian_float - assert 0.309563208475974...
[0.728s] [31m========================= [31m[1m2 failed[0m, [32m5 passed[0m[31m in 0.19s[0m[31m ==========================[0m
[0.772s] Invoked command in '/home/vsss/repos/vsss24-ws/src/univector' returned '1': AMENT_PREFIX_PATH=/home/vsss/repos/vsss24-ws/install/univector:${AMENT_PREFIX_PATH} PYTEST_ADDOPTS=--tb=short --junit-xml=/home/vsss/repos/vsss24-ws/build/univector/pytest.xml --junit-prefix=univector -o cache_dir=/home/vsss/repos/vsss24-ws/build/univector/.pytest_cache PYTHONPATH=/home/vsss/repos/vsss24-ws/install/univector/lib/python3.10/site-packages:${PYTHONPATH} /usr/bin/python3 -m pytest
