[0.267s] Invoking command in '/home/vsss/repos/vsss24-ws/src/univector': AMENT_PREFIX_PATH=/home/vsss/repos/vsss24-ws/install/univector:${AMENT_PREFIX_PATH} PYTEST_ADDOPTS=--tb=short --junit-xml=/home/vsss/repos/vsss24-ws/build/univector/pytest.xml --junit-prefix=univector -o cache_dir=/home/vsss/repos/vsss24-ws/build/univector/.pytest_cache PYTHONPATH=/home/vsss/repos/vsss24-ws/install/univector/lib/python3.10/site-packages:${PYTHONPATH} /usr/bin/python3 -m pytest
[0.547s] [1m============================= test session starts ==============================[0m
[0.548s] platform linux -- Python 3.10.12, pytest-6.2.5, py-1.10.0, pluggy-0.13.0
[0.552s] cachedir: /home/vsss/repos/vsss24-ws/build/univector/.pytest_cache
[0.553s] rootdir: /home/vsss/repos/vsss24-ws/src/univector
[0.553s] plugins: ament-flake8-0.12.9, launch-testing-1.0.4, ament-copyright-0.12.9, ament-xmllint-0.12.9, ament-pep257-0.12.9, ament-lint-0.12.9, launch-testing-ros-0.19.6, rerunfailures-12.0, colcon-core-0.12.1, cov-4.1.0, repeat-0.9.1
[0.649s] [1mcollecting ... [0m[1m
[0.649s] collected 3 items                                                              [0m
[0.649s] 
[0.686s] test/test_univector.py [32m.[0m[32m.[0m[31mF[0m[31m                                               [100%][0m
[0.686s] 
[0.686s] =================================== FAILURES ===================================
[0.686s] [31m[1m_____________________________ test_norm_neg_float ______________________________[0m
[0.687s] [1m[31mtest/test_univector.py[0m:29: in test_norm_neg_float
[0.720s]     [94massert[39;49;00m resultado_esperado == resultado_norma
[0.720s] [1m[31mE   assert 5 == 5.508475288135547[0m
[0.720s] -- generated xml file: /home/vsss/repos/vsss24-ws/build/univector/pytest.xml ---
[0.720s] =========================== short test summary info ============================
[0.720s] FAILED test/test_univector.py::test_norm_neg_float - assert 5 == 5.5084752881...
[0.720s] [31m========================= [31m[1m1 failed[0m, [32m2 passed[0m[31m in 0.17s[0m[31m ==========================[0m
[0.768s] Invoked command in '/home/vsss/repos/vsss24-ws/src/univector' returned '1': AMENT_PREFIX_PATH=/home/vsss/repos/vsss24-ws/install/univector:${AMENT_PREFIX_PATH} PYTEST_ADDOPTS=--tb=short --junit-xml=/home/vsss/repos/vsss24-ws/build/univector/pytest.xml --junit-prefix=univector -o cache_dir=/home/vsss/repos/vsss24-ws/build/univector/.pytest_cache PYTHONPATH=/home/vsss/repos/vsss24-ws/install/univector/lib/python3.10/site-packages:${PYTHONPATH} /usr/bin/python3 -m pytest
