[0.268s] Invoking command in '/home/vsss/repos/vsss24-ws/src/univector': AMENT_PREFIX_PATH=/home/vsss/repos/vsss24-ws/install/univector:${AMENT_PREFIX_PATH} PYTEST_ADDOPTS=--tb=short --junit-xml=/home/vsss/repos/vsss24-ws/build/univector/pytest.xml --junit-prefix=univector -o cache_dir=/home/vsss/repos/vsss24-ws/build/univector/.pytest_cache PYTHONPATH=/home/vsss/repos/vsss24-ws/install/univector/lib/python3.10/site-packages:${PYTHONPATH} /usr/bin/python3 -m pytest
[0.551s] [1m============================= test session starts ==============================[0m
[0.551s] platform linux -- Python 3.10.12, pytest-6.2.5, py-1.10.0, pluggy-0.13.0
[0.557s] cachedir: /home/vsss/repos/vsss24-ws/build/univector/.pytest_cache
[0.557s] rootdir: /home/vsss/repos/vsss24-ws/src/univector
[0.557s] plugins: ament-flake8-0.12.9, launch-testing-1.0.4, ament-copyright-0.12.9, ament-xmllint-0.12.9, ament-pep257-0.12.9, ament-lint-0.12.9, launch-testing-ros-0.19.6, rerunfailures-12.0, colcon-core-0.12.1, cov-4.1.0, repeat-0.9.1
[0.565s] [1mcollecting ... [0m[1m
[0.565s] collected 1 item                                                               [0m
[0.565s] 
[0.592s] test/test_univector.py [31mF[0m[31m                                                 [100%][0m
[0.592s] 
[0.592s] =================================== FAILURES ===================================
[0.592s] [31m[1m__________________________________ test_math ___________________________________[0m
[0.592s] [1m[31mtest/test_univector.py[0m:5: in test_math
[0.636s]     [94massert[39;49;00m [94m2[39;49;00m+[94m3[39;49;00m==[94m4[39;49;00m
[0.637s] [1m[31mE   assert (2 + 3) == 4[0m
[0.637s] -- generated xml file: /home/vsss/repos/vsss24-ws/build/univector/pytest.xml ---
[0.637s] =========================== short test summary info ============================
[0.637s] FAILED test/test_univector.py::test_math - assert (2 + 3) == 4
[0.637s] [31m============================== [31m[1m1 failed[0m[31m in 0.09s[0m[31m ===============================[0m
[0.677s] Invoked command in '/home/vsss/repos/vsss24-ws/src/univector' returned '1': AMENT_PREFIX_PATH=/home/vsss/repos/vsss24-ws/install/univector:${AMENT_PREFIX_PATH} PYTEST_ADDOPTS=--tb=short --junit-xml=/home/vsss/repos/vsss24-ws/build/univector/pytest.xml --junit-prefix=univector -o cache_dir=/home/vsss/repos/vsss24-ws/build/univector/.pytest_cache PYTHONPATH=/home/vsss/repos/vsss24-ws/install/univector/lib/python3.10/site-packages:${PYTHONPATH} /usr/bin/python3 -m pytest
