<?xml version="1.0" encoding="utf-8"?><testsuites><testsuite name="pytest" errors="0" failures="1" skipped="0" tests="20" time="0.163" timestamp="2024-01-19T10:24:10.009000" hostname="nitro5"><testcase classname="univector.test.test_hyperbolicSpiral" name="test_constructor_kr" time="0.001" /><testcase classname="univector.test.test_hyperbolicSpiral" name="test_constructor_radius" time="0.000" /><testcase classname="univector.test.test_hyperbolicSpiral" name="test_update_params_kr" time="0.000" /><testcase classname="univector.test.test_hyperbolicSpiral" name="test_update_params_radius" time="0.000" /><testcase classname="univector.test.test_hyperbolicSpiral" name="test_fi_h_pos_p_int_radius_cw" time="0.000" /><testcase classname="univector.test.test_hyperbolicSpiral" name="test_fi_h_neg_p_int_radius_cw" time="0.001"><failure message="assert 4.044926798078043 == -2.2382585091015432">test/test_hyperbolicSpiral.py:80: in test_fi_h_neg_p_int_radius_cw
    assert angulo_esperado == angulo_fi_h
E   assert 4.044926798078043 == -2.2382585091015432</failure></testcase><testcase classname="univector.test.test_univector" name="test_gaussian_positive_integers" time="0.000" /><testcase classname="univector.test.test_univector" name="test_gaussian_negative_integers" time="0.000" /><testcase classname="univector.test.test_univector" name="test_gaussian_mixed_floats" time="0.000" /><testcase classname="univector.test.test_univector" name="test_wrap2pi_theta_greater_than_pi" time="0.000" /><testcase classname="univector.test.test_univector" name="test_wrap2pi_theta_smaller_than_minus_pi" time="0.000" /><testcase classname="univector.test.test_univector" name="test_wrap2pi_theta_between_pi_and_minus_pi" time="0.000" /><testcase classname="univector.test.test_univector" name="test_wrap2pi_theta_equal_to_pi" time="0.000" /><testcase classname="univector.test.test_univector" name="test_norm_positive_floats" time="0.000" /><testcase classname="univector.test.test_univector" name="test_norm_mixed_floats" time="0.000" /><testcase classname="univector.test.test_univector" name="test_norm_negative_floats" time="0.000" /><testcase classname="univector.test.test_univector" name="test_norm_zero_values" time="0.000" /><testcase classname="univector.test.test_univector" name="test_norm_empty_list" time="0.000" /><testcase classname="univector.test.test_univector" name="test_norm_half_empty_list" time="0.000" /><testcase classname="univector.test.test_univector" name="test_norm_short_list" time="0.000" /></testsuite></testsuites>