[0.284s] Invoking command in '/home/vsss/repos/vsss24-ws/src/univector': AMENT_PREFIX_PATH=/home/vsss/repos/vsss24-ws/install/univector:${AMENT_PREFIX_PATH} PYTEST_ADDOPTS=--tb=short --junit-xml=/home/vsss/repos/vsss24-ws/build/univector/pytest.xml --junit-prefix=univector -o cache_dir=/home/vsss/repos/vsss24-ws/build/univector/.pytest_cache PYTHONPATH=/home/vsss/repos/vsss24-ws/install/univector/lib/python3.10/site-packages:${PYTHONPATH} /usr/bin/python3 -m pytest
[0.563s] [1m============================= test session starts ==============================[0m
[0.563s] platform linux -- Python 3.10.12, pytest-6.2.5, py-1.10.0, pluggy-0.13.0
[0.568s] cachedir: /home/vsss/repos/vsss24-ws/build/univector/.pytest_cache
[0.568s] rootdir: /home/vsss/repos/vsss24-ws/src/univector
[0.569s] plugins: ament-flake8-0.12.9, launch-testing-1.0.4, ament-copyright-0.12.9, ament-xmllint-0.12.9, ament-pep257-0.12.9, ament-lint-0.12.9, launch-testing-ros-0.19.6, rerunfailures-12.0, colcon-core-0.12.1, cov-4.1.0, repeat-0.9.1
[0.575s] [1mcollecting ... [0m[1m
[0.575s] collected 1 item                                                               [0m
[0.576s] 
[0.600s] test/test_univector.py [31mF[0m[31m                                                 [100%][0m
[0.600s] 
[0.600s] =================================== FAILURES ===================================
[0.601s] [31m[1m__________________________________ test_norm ___________________________________[0m
[0.601s] [1m[31mtest/test_univector.py[0m:9: in test_norm
[0.643s]     resultado_norma = univector.norm(vec)
[0.644s] [1m[31mE   NameError: name 'univector' is not defined[0m
[0.644s] -- generated xml file: /home/vsss/repos/vsss24-ws/build/univector/pytest.xml ---
[0.644s] =========================== short test summary info ============================
[0.644s] FAILED test/test_univector.py::test_norm - NameError: name 'univector' is not...
[0.644s] [31m============================== [31m[1m1 failed[0m[31m in 0.08s[0m[31m ===============================[0m
[0.678s] Invoked command in '/home/vsss/repos/vsss24-ws/src/univector' returned '1': AMENT_PREFIX_PATH=/home/vsss/repos/vsss24-ws/install/univector:${AMENT_PREFIX_PATH} PYTEST_ADDOPTS=--tb=short --junit-xml=/home/vsss/repos/vsss24-ws/build/univector/pytest.xml --junit-prefix=univector -o cache_dir=/home/vsss/repos/vsss24-ws/build/univector/.pytest_cache PYTHONPATH=/home/vsss/repos/vsss24-ws/install/univector/lib/python3.10/site-packages:${PYTHONPATH} /usr/bin/python3 -m pytest
